* using log directory ‘/media/asuna/seriph/COTAN/COTAN.Rcheck’
* using R version 4.1.0 (2021-05-18)
* using platform: x86_64-pc-linux-gnu (64-bit)
* using session charset: UTF-8
* checking for file ‘COTAN/DESCRIPTION’ ... OK
* checking extension type ... Package
* this is package ‘COTAN’ version ‘0.99.1’
* package encoding: UTF-8
* checking package namespace information ... OK
* checking package dependencies ... OK
* checking if this is a source package ... OK
* checking if there is a namespace ... OK
* checking for hidden files and directories ... OK
* checking for portable file names ... OK
* checking for sufficient/correct file permissions ... OK
* checking whether package ‘COTAN’ can be installed ... [38s/16s] OK
* checking installed package size ... OK
* checking package directory ... OK
* checking for future file timestamps ... OK
* checking ‘build’ directory ... OK
* checking DESCRIPTION meta-information ... OK
* checking top-level files ... OK
* checking for left-over files ... OK
* checking index information ... OK
* checking package subdirectories ... OK
* checking R files for non-ASCII characters ... OK
* checking R files for syntax errors ... OK
* checking whether the package can be loaded ... OK
* checking whether the package can be loaded with stated dependencies ... OK
* checking whether the package can be unloaded cleanly ... OK
* checking whether the namespace can be loaded with stated dependencies ... OK
* checking whether the namespace can be unloaded cleanly ... OK
* checking loading without being on the library search path ... OK
* checking use of S3 registration ... OK
* checking dependencies in R code ... OK
* checking S3 generic/method consistency ... OK
* checking replacement functions ... OK
* checking foreign function calls ... OK
* checking R code for possible problems ... [51s/15s] NOTE
automatic.COTAN.object.creation,data.frame: no visible binding for
  global variable ‘means’
automatic.COTAN.object.creation,data.frame: no visible binding for
  global variable ‘PC1’
automatic.COTAN.object.creation,data.frame: no visible binding for
  global variable ‘PC2’
automatic.COTAN.object.creation,data.frame: no visible binding for
  global variable ‘nu’
clean,scCOTAN: no visible binding for global variable ‘PC1’
clean,scCOTAN: no visible binding for global variable ‘PC2’
fun_linear,scCOTAN : <anonymous>: no visible global function definition
  for ‘python_PCA’
plot_GDI,scCOTAN: no visible binding for global variable ‘sum.raw.norm’
plot_heatmap,ANY: no visible binding for global variable ‘time’
plot_heatmap,ANY: no visible binding for global variable ‘g2’
Undefined global functions or variables:
  PC1 PC2 g2 means nu python_PCA sum.raw.norm time
Consider adding
  importFrom("stats", "time")
to your NAMESPACE file.
* checking Rd files ... [4s/0s] OK
* checking Rd metadata ... OK
* checking Rd line widths ... OK
* checking Rd cross-references ... OK
* checking for missing documentation entries ... OK
* checking for code/documentation mismatches ... OK
* checking Rd \usage sections ... OK
* checking Rd contents ... OK
* checking for unstated dependencies in examples ... OK
* checking contents of ‘data’ directory ... OK
* checking data for non-ASCII characters ... OK
* checking data for ASCII and uncompressed saves ... OK
* checking R/sysdata.rda ... OK
* checking line endings in shell scripts ... OK
* checking installed files from ‘inst/doc’ ... OK
* checking files in ‘vignettes’ ... OK
* checking examples ... [107s/36s] OK
* checking for unstated dependencies in ‘tests’ ... OK
* checking tests ... [104s/29s] OK
  Running ‘spelling.R’ [2s/0s]
  Comparing ‘spelling.Rout’ to ‘spelling.Rout.save’ ...6c6
< NULL
---
> All Done!
  Running ‘testthat.R’ [98s/28s]
* checking for unstated dependencies in vignettes ... OK
* checking package vignettes in ‘inst/doc’ ... OK
* checking running R code from vignettes ... [4s/0s] NONE
  ‘Guided_tutorial.Rmd’ using ‘UTF-8’... [4s/0s] OK
* checking re-building of vignette outputs ... [36s/19s] OK
* checking PDF version of manual ... OK
* DONE
Status: 1 NOTE
